Exception in thread "JavaFX Application Thread"netscape.javascript.JSException: java.lang.ArithmeticException: / by zero
	at com.sun.webkit.dom.JSObject.fwkMakeException(JSObject.java:128)
	at com.sun.webkit.WebPage.twkExecuteScript(Native Method)
	at com.sun.webkit.WebPage.executeScript(WebPage.java:1439)
	at javafx.scene.web.WebEngine.executeScript(WebEngine.java:982)
	at ru.puffds.keygen.Browser$3.changed(App.java:144)
	at ru.puffds.keygen.Browser$3.changed(App.java:132)
	at com.sun.javafx.binding.ExpressionHelper$SingleChange.fireValueChangedEvent(ExpressionHelper.java:182)
	at com.sun.javafx.binding.ExpressionHelper.fireValueChangedEvent(ExpressionHelper.java:81)
	at javafx.beans.property.ReadOnlyObjectWrapper$ReadOnlyPropertyImpl.fireValueChangedEvent(ReadOnlyObjectWrapper.java:176)
	at javafx.beans.property.ReadOnlyObjectWrapper.fireValueChangedEvent(ReadOnlyObjectWrapper.java:142)
	at javafx.beans.property.ObjectPropertyBase.markInvalid(ObjectPropertyBase.java:112)
	at javafx.beans.property.ObjectPropertyBase.set(ObjectPropertyBase.java:146)
	at javafx.scene.web.WebEngine$LoadWorker.updateState(WebEngine.java:1260)
	at javafx.scene.web.WebEngine$LoadWorker.dispatchLoadEvent(WebEngine.java:1371)
	at javafx.scene.web.WebEngine$LoadWorker.access$1200(WebEngine.java:1253)
	at javafx.scene.web.WebEngine$PageLoadListener.dispatchLoadEvent(WebEngine.java:1240)
	at com.sun.webkit.WebPage.fireLoadEvent(WebPage.java:2400)
	at com.sun.webkit.WebPage.fwkFireLoadEvent(WebPage.java:2244)
	at com.sun.webkit.network.URLLoader.twkDidFinishLoading(Native Method)
	at com.sun.webkit.network.URLLoader.notifyDidFinishLoading(URLLoader.java:838)
	at com.sun.webkit.network.URLLoader.lambda$didFinishLoading$96(URLLoader.java:829)
	at com.sun.javafx.application.PlatformImpl.lambda$null$173(PlatformImpl.java:295)
	at java.security.AccessController.doPrivileged(Native Method)
	at com.sun.javafx.application.PlatformImpl.lambda$runLater$174(PlatformImpl.java:294)
	at com.sun.glass.ui.InvokeLaterDispatcher$Future.run(InvokeLaterDispatcher.java:95)
	at com.sun.glass.ui.win.WinApplication._runLoop(Native Method)
	at com.sun.glass.ui.win.WinApplication.lambda$null$148(WinApplication.java:191)
	at java.lang.Thread.run(Thread.java:745)
Caused by: java.lang.ArithmeticException: / by zero
	at ru.puffds.keygen.RGStats.calcChesaro(RGStats.java:188)
	at ru.puffds.keygen.RGStats.calcChesaroArray(RGStats.java:201)
	at ru.puffds.keygen.RGStats.getChesaroStats(RGStats.java:213)
	at sun.reflect.NativeMethodAccessorImpl.invoke0(Native Method)
	at sun.reflect.NativeMethodAccessorImpl.invoke(NativeMethodAccessorImpl.java:62)
	at sun.reflect.DelegatingMethodAccessorImpl.invoke(DelegatingMethodAccessorImpl.java:43)
	at java.lang.reflect.Method.invoke(Method.java:497)
	at sun.reflect.misc.Trampoline.invoke(MethodUtil.java:71)
	at sun.reflect.NativeMethodAccessorImpl.invoke0(Native Method)
	at sun.reflect.NativeMethodAccessorImpl.invoke(NativeMethodAccessorImpl.java:62)
	at sun.reflect.DelegatingMethodAccessorImpl.invoke(DelegatingMethodAccessorImpl.java:43)
	at java.lang.reflect.Method.invoke(Method.java:497)
	at sun.reflect.misc.MethodUtil.invoke(MethodUtil.java:275)
	at com.sun.webkit.Utilities.lambda$fwkInvokeWithContext$55(Utilities.java:94)
	at java.security.AccessController.doPrivileged(Native Method)
	at com.sun.webkit.Utilities.fwkInvokeWithContext(Utilities.java:94)
	... 27 more
Exception in thread "JavaFX Application Thread"netscape.javascript.JSException: java.lang.ArithmeticException: / by zero
	at com.sun.webkit.dom.JSObject.fwkMakeException(JSObject.java:128)
	at com.sun.webkit.WebPage.twkExecuteScript(Native Method)
	at com.sun.webkit.WebPage.executeScript(WebPage.java:1439)
	at javafx.scene.web.WebEngine.executeScript(WebEngine.java:982)
	at ru.puffds.keygen.Browser$3.changed(App.java:144)
	at ru.puffds.keygen.Browser$3.changed(App.java:132)
	at com.sun.javafx.binding.ExpressionHelper$SingleChange.fireValueChangedEvent(ExpressionHelper.java:182)
	at com.sun.javafx.binding.ExpressionHelper.fireValueChangedEvent(ExpressionHelper.java:81)
	at javafx.beans.property.ReadOnlyObjectWrapper$ReadOnlyPropertyImpl.fireValueChangedEvent(ReadOnlyObjectWrapper.java:176)
	at javafx.beans.property.ReadOnlyObjectWrapper.fireValueChangedEvent(ReadOnlyObjectWrapper.java:142)
	at javafx.beans.property.ObjectPropertyBase.markInvalid(ObjectPropertyBase.java:112)
	at javafx.beans.property.ObjectPropertyBase.set(ObjectPropertyBase.java:146)
	at javafx.scene.web.WebEngine$LoadWorker.updateState(WebEngine.java:1260)
	at javafx.scene.web.WebEngine$LoadWorker.dispatchLoadEvent(WebEngine.java:1371)
	at javafx.scene.web.WebEngine$LoadWorker.access$1200(WebEngine.java:1253)
	at javafx.scene.web.WebEngine$PageLoadListener.dispatchLoadEvent(WebEngine.java:1240)
	at com.sun.webkit.WebPage.fireLoadEvent(WebPage.java:2400)
	at com.sun.webkit.WebPage.fwkFireLoadEvent(WebPage.java:2244)
	at com.sun.webkit.network.URLLoader.twkDidFinishLoading(Native Method)
	at com.sun.webkit.network.URLLoader.notifyDidFinishLoading(URLLoader.java:838)
	at com.sun.webkit.network.URLLoader.lambda$didFinishLoading$96(URLLoader.java:829)
	at com.sun.javafx.application.PlatformImpl.lambda$null$173(PlatformImpl.java:295)
	at java.security.AccessController.doPrivileged(Native Method)
	at com.sun.javafx.application.PlatformImpl.lambda$runLater$174(PlatformImpl.java:294)
	at com.sun.glass.ui.InvokeLaterDispatcher$Future.run(InvokeLaterDispatcher.java:95)
	at com.sun.glass.ui.win.WinApplication._runLoop(Native Method)
	at com.sun.glass.ui.win.WinApplication.lambda$null$148(WinApplication.java:191)
	at java.lang.Thread.run(Thread.java:745)
Caused by: java.lang.ArithmeticException: / by zero
	at ru.puffds.keygen.RGStats.calcChesaro(RGStats.java:188)
	at ru.puffds.keygen.RGStats.calcChesaroArray(RGStats.java:201)
	at ru.puffds.keygen.RGStats.getChesaroStats(RGStats.java:213)
	at sun.reflect.NativeMethodAccessorImpl.invoke0(Native Method)
	at sun.reflect.NativeMethodAccessorImpl.invoke(NativeMethodAccessorImpl.java:62)
	at sun.reflect.DelegatingMethodAccessorImpl.invoke(DelegatingMethodAccessorImpl.java:43)
	at java.lang.reflect.Method.invoke(Method.java:497)
	at sun.reflect.misc.Trampoline.invoke(MethodUtil.java:71)
	at sun.reflect.NativeMethodAccessorImpl.invoke0(Native Method)
	at sun.reflect.NativeMethodAccessorImpl.invoke(NativeMethodAccessorImpl.java:62)
	at sun.reflect.DelegatingMethodAccessorImpl.invoke(DelegatingMethodAccessorImpl.java:43)
	at java.lang.reflect.Method.invoke(Method.java:497)
	at sun.reflect.misc.MethodUtil.invoke(MethodUtil.java:275)
	at com.sun.webkit.Utilities.lambda$fwkInvokeWithContext$55(Utilities.java:94)
	at java.security.AccessController.doPrivileged(Native Method)
	at com.sun.webkit.Utilities.fwkInvokeWithContext(Utilities.java:94)
	... 27 more
Exception in thread "JavaFX Application Thread"netscape.javascript.JSException: java.lang.ArrayIndexOutOfBoundsException: 3
	at com.sun.webkit.dom.JSObject.fwkMakeException(JSObject.java:128)
	at com.sun.webkit.WebPage.twkExecuteScript(Native Method)
	at com.sun.webkit.WebPage.executeScript(WebPage.java:1439)
	at javafx.scene.web.WebEngine.executeScript(WebEngine.java:982)
	at ru.puffds.keygen.Browser$3.changed(App.java:144)
	at ru.puffds.keygen.Browser$3.changed(App.java:132)
	at com.sun.javafx.binding.ExpressionHelper$SingleChange.fireValueChangedEvent(ExpressionHelper.java:182)
	at com.sun.javafx.binding.ExpressionHelper.fireValueChangedEvent(ExpressionHelper.java:81)
	at javafx.beans.property.ReadOnlyObjectWrapper$ReadOnlyPropertyImpl.fireValueChangedEvent(ReadOnlyObjectWrapper.java:176)
	at javafx.beans.property.ReadOnlyObjectWrapper.fireValueChangedEvent(ReadOnlyObjectWrapper.java:142)
	at javafx.beans.property.ObjectPropertyBase.markInvalid(ObjectPropertyBase.java:112)
	at javafx.beans.property.ObjectPropertyBase.set(ObjectPropertyBase.java:146)
	at javafx.scene.web.WebEngine$LoadWorker.updateState(WebEngine.java:1260)
	at javafx.scene.web.WebEngine$LoadWorker.dispatchLoadEvent(WebEngine.java:1371)
	at javafx.scene.web.WebEngine$LoadWorker.access$1200(WebEngine.java:1253)
	at javafx.scene.web.WebEngine$PageLoadListener.dispatchLoadEvent(WebEngine.java:1240)
	at com.sun.webkit.WebPage.fireLoadEvent(WebPage.java:2400)
	at com.sun.webkit.WebPage.fwkFireLoadEvent(WebPage.java:2244)
	at com.sun.webkit.network.URLLoader.twkDidFinishLoading(Native Method)
	at com.sun.webkit.network.URLLoader.notifyDidFinishLoading(URLLoader.java:838)
	at com.sun.webkit.network.URLLoader.lambda$didFinishLoading$96(URLLoader.java:829)
	at com.sun.javafx.application.PlatformImpl.lambda$null$173(PlatformImpl.java:295)
	at java.security.AccessController.doPrivileged(Native Method)
	at com.sun.javafx.application.PlatformImpl.lambda$runLater$174(PlatformImpl.java:294)
	at com.sun.glass.ui.InvokeLaterDispatcher$Future.run(InvokeLaterDispatcher.java:95)
	at com.sun.glass.ui.win.WinApplication._runLoop(Native Method)
	at com.sun.glass.ui.win.WinApplication.lambda$null$148(WinApplication.java:191)
	at java.lang.Thread.run(Thread.java:745)
Caused by: java.lang.ArrayIndexOutOfBoundsException: 3
	at ru.puffds.keygen.RGStats.calcPearson(RGStats.java:108)
	at ru.puffds.keygen.RGStats.calcPearsonArray(RGStats.java:124)
	at ru.puffds.keygen.RGStats.getPearsonStats(RGStats.java:136)
	at sun.reflect.NativeMethodAccessorImpl.invoke0(Native Method)
	at sun.reflect.NativeMethodAccessorImpl.invoke(NativeMethodAccessorImpl.java:62)
	at sun.reflect.DelegatingMethodAccessorImpl.invoke(DelegatingMethodAccessorImpl.java:43)
	at java.lang.reflect.Method.invoke(Method.java:497)
	at sun.reflect.misc.Trampoline.invoke(MethodUtil.java:71)
	at sun.reflect.NativeMethodAccessorImpl.invoke0(Native Method)
	at sun.reflect.NativeMethodAccessorImpl.invoke(NativeMethodAccessorImpl.java:62)
	at sun.reflect.DelegatingMethodAccessorImpl.invoke(DelegatingMethodAccessorImpl.java:43)
	at java.lang.reflect.Method.invoke(Method.java:497)
	at sun.reflect.misc.MethodUtil.invoke(MethodUtil.java:275)
	at com.sun.webkit.Utilities.lambda$fwkInvokeWithContext$55(Utilities.java:94)
	at java.security.AccessController.doPrivileged(Native Method)
	at com.sun.webkit.Utilities.fwkInvokeWithContext(Utilities.java:94)
	... 27 more
Exception in thread "JavaFX Application Thread"netscape.javascript.JSException: java.lang.ArrayIndexOutOfBoundsException: 9
	at com.sun.webkit.dom.JSObject.fwkMakeException(JSObject.java:128)
	at com.sun.webkit.WebPage.twkExecuteScript(Native Method)
	at com.sun.webkit.WebPage.executeScript(WebPage.java:1439)
	at javafx.scene.web.WebEngine.executeScript(WebEngine.java:982)
	at ru.puffds.keygen.Browser$3.changed(App.java:144)
	at ru.puffds.keygen.Browser$3.changed(App.java:132)
	at com.sun.javafx.binding.ExpressionHelper$SingleChange.fireValueChangedEvent(ExpressionHelper.java:182)
	at com.sun.javafx.binding.ExpressionHelper.fireValueChangedEvent(ExpressionHelper.java:81)
	at javafx.beans.property.ReadOnlyObjectWrapper$ReadOnlyPropertyImpl.fireValueChangedEvent(ReadOnlyObjectWrapper.java:176)
	at javafx.beans.property.ReadOnlyObjectWrapper.fireValueChangedEvent(ReadOnlyObjectWrapper.java:142)
	at javafx.beans.property.ObjectPropertyBase.markInvalid(ObjectPropertyBase.java:112)
	at javafx.beans.property.ObjectPropertyBase.set(ObjectPropertyBase.java:146)
	at javafx.scene.web.WebEngine$LoadWorker.updateState(WebEngine.java:1260)
	at javafx.scene.web.WebEngine$LoadWorker.dispatchLoadEvent(WebEngine.java:1371)
	at javafx.scene.web.WebEngine$LoadWorker.access$1200(WebEngine.java:1253)
	at javafx.scene.web.WebEngine$PageLoadListener.dispatchLoadEvent(WebEngine.java:1240)
	at com.sun.webkit.WebPage.fireLoadEvent(WebPage.java:2400)
	at com.sun.webkit.WebPage.fwkFireLoadEvent(WebPage.java:2244)
	at com.sun.webkit.network.URLLoader.twkDidFinishLoading(Native Method)
	at com.sun.webkit.network.URLLoader.notifyDidFinishLoading(URLLoader.java:838)
	at com.sun.webkit.network.URLLoader.lambda$didFinishLoading$96(URLLoader.java:829)
	at com.sun.javafx.application.PlatformImpl.lambda$null$173(PlatformImpl.java:295)
	at java.security.AccessController.doPrivileged(Native Method)
	at com.sun.javafx.application.PlatformImpl.lambda$runLater$174(PlatformImpl.java:294)
	at com.sun.glass.ui.InvokeLaterDispatcher$Future.run(InvokeLaterDispatcher.java:95)
	at com.sun.glass.ui.win.WinApplication._runLoop(Native Method)
	at com.sun.glass.ui.win.WinApplication.lambda$null$148(WinApplication.java:191)
	at java.lang.Thread.run(Thread.java:745)
Caused by: java.lang.ArrayIndexOutOfBoundsException: 9
	at ru.puffds.keygen.RGStats.calcPearson(RGStats.java:108)
	at ru.puffds.keygen.RGStats.calcPearsonArray(RGStats.java:124)
	at ru.puffds.keygen.RGStats.getPearsonStats(RGStats.java:136)
	at sun.reflect.NativeMethodAccessorImpl.invoke0(Native Method)
	at sun.reflect.NativeMethodAccessorImpl.invoke(NativeMethodAccessorImpl.java:62)
	at sun.reflect.DelegatingMethodAccessorImpl.invoke(DelegatingMethodAccessorImpl.java:43)
	at java.lang.reflect.Method.invoke(Method.java:497)
	at sun.reflect.misc.Trampoline.invoke(MethodUtil.java:71)
	at sun.reflect.NativeMethodAccessorImpl.invoke0(Native Method)
	at sun.reflect.NativeMethodAccessorImpl.invoke(NativeMethodAccessorImpl.java:62)
	at sun.reflect.DelegatingMethodAccessorImpl.invoke(DelegatingMethodAccessorImpl.java:43)
	at java.lang.reflect.Method.invoke(Method.java:497)
	at sun.reflect.misc.MethodUtil.invoke(MethodUtil.java:275)
	at com.sun.webkit.Utilities.lambda$fwkInvokeWithContext$55(Utilities.java:94)
	at java.security.AccessController.doPrivileged(Native Method)
	at com.sun.webkit.Utilities.fwkInvokeWithContext(Utilities.java:94)
	... 27 more
